
2022-11-24, 22:48:54 - ERROR: Download of "https://uoftjn.com/wp-includes/wlwmanifest.xml", referred from "uoftjn.com/index.html", failed with error code 406 (unacceptable)
2022-11-24, 22:48:55 - ERROR: Download of "https://uoftjn.com/wp-includes/wlwmanifest.xml", referred from "uoftjn.com/academia/index.html", failed with error code 406 (unacceptable)
2022-11-24, 22:48:55 - ERROR: Download of "https://uoftjn.com/wp-includes/wlwmanifest.xml", referred from "uoftjn.com/divisions/career-division/index.html", failed with error code 406 (unacceptable)
2022-11-24, 22:48:55 - ERROR: Download of "https://uoftjn.com/wp-includes/wlwmanifest.xml", referred from "uoftjn.com/divisions/index.html", failed with error code 406 (unacceptable)
2022-11-24, 22:48:56 - ERROR: Download of "https://uoftjn.com/wp-includes/wlwmanifest.xml", referred from "uoftjn.com/divisions/finance-divison/index.html", failed with error code 406 (unacceptable)
2022-11-24, 22:48:56 - ERROR: Download of "https://uoftjn.com/wp-includes/wlwmanifest.xml", referred from "uoftjn.com/divisions/secretary-division/index.html", failed with error code 406 (unacceptable)
2022-11-24, 22:48:56 - ERROR: Download of "https://uoftjn.com/wp-includes/wlwmanifest.xml", referred from "uoftjn.com/divisions/it-division/index.html", failed with error code 406 (unacceptable)
2022-11-24, 22:48:57 - ERROR: Download of "https://uoftjn.com/wp-includes/wlwmanifest.xml", referred from "uoftjn.com/membership/log-in/index.html", failed with error code 406 (unacceptable)
2022-11-24, 22:48:57 - ERROR: Download of "https://uoftjn.com/wp-includes/wlwmanifest.xml", referred from "uoftjn.com/membership/register/index.html", failed with error code 406 (unacceptable)
2022-11-24, 22:48:57 - ERROR: Download of "https://uoftjn.com/wp-includes/wlwmanifest.xml", referred from "uoftjn.com/divisions/marketing-division/index.html", failed with error code 406 (unacceptable)
2022-11-24, 22:48:57 - ERROR: Download of "https://uoftjn.com/wp-includes/wlwmanifest.xml", referred from "uoftjn.com/executive/index.html", failed with error code 406 (unacceptable)
2022-11-24, 22:48:57 - ERROR: Download of "https://uoftjn.com/wp-includes/wlwmanifest.xml", referred from "uoftjn.com/divisions/torontonians-division/index.html", failed with error code 406 (unacceptable)
2022-11-24, 22:48:57 - ERROR: Download of "https://uoftjn.com/wp-includes/wlwmanifest.xml", referred from "uoftjn.com/divisions/social-division/index.html", failed with error code 406 (unacceptable)
2022-11-24, 22:48:58 - ERROR: Download of "https://uoftjn.com/wp-includes/wlwmanifest.xml", referred from "uoftjn.com/membership/index.html", failed with error code 406 (unacceptable)
2022-11-24, 22:48:58 - ERROR: Download of "https://uoftjn.com/wp-includes/wlwmanifest.xml", referred from "uoftjn.com/membership/partner-restaurant/index.html", failed with error code 406 (unacceptable)
2022-11-24, 22:48:58 - ERROR: Download of "https://uoftjn.com/wp-includes/wlwmanifest.xml", referred from "uoftjn.com/2022/03/07/僕の人生-～高校退学編～/index.html", failed with error code 406 (unacceptable)
2022-11-24, 22:48:58 - ERROR: Download of "https://uoftjn.com/wp-includes/wlwmanifest.xml", referred from "uoftjn.com/category/community-academia/opinions/index.html", failed with error code 406 (unacceptable)
2022-11-24, 22:48:58 - ERROR: Download of "https://uoftjn.com/wp-includes/wlwmanifest.xml", referred from "uoftjn.com/category/community-academia/index.html", failed with error code 406 (unacceptable)
2022-11-24, 22:48:59 - ERROR: Download of "https://uoftjn.com/wp-includes/wlwmanifest.xml", referred from "uoftjn.com/2020/03/30/photo-editing/index.html", failed with error code 406 (unacceptable)
2022-11-24, 22:48:59 - ERROR: Download of "https://uoftjn.com/wp-includes/wlwmanifest.xml", referred from "uoftjn.com/category/community-academia/passions-and-interests/index.html", failed with error code 406 (unacceptable)
2022-11-24, 22:48:59 - ERROR: Download of "https://uoftjn.com/wp-includes/wlwmanifest.xml", referred from "uoftjn.com/category/community-academia/artworks/index.html", failed with error code 406 (unacceptable)
2022-11-24, 22:48:59 - ERROR: Download of "https://uoftjn.com/wp-includes/wlwmanifest.xml", referred from "uoftjn.com/2020/02/15/双子の話/index.html", failed with error code 406 (unacceptable)
2022-11-24, 22:49:00 - ERROR: Download of "https://uoftjn.com/wp-includes/wlwmanifest.xml", referred from "uoftjn.com/term-of-use/index.html", failed with error code 406 (unacceptable)
2022-11-24, 22:49:00 - ERROR: Download of "https://uoftjn.com/wp-includes/wlwmanifest.xml", referred from "uoftjn.com/privacy-policy/index.html", failed with error code 406 (unacceptable)
2022-11-24, 22:49:05 - ERROR: Download of "https://uoftjn.com/wp-includes/wlwmanifest.xml", referred from "uoftjn.com/2019/06/04/トロント大生～bcf体験記～/index.html", failed with error code 406 (unacceptable)
2022-11-24, 22:49:05 - ERROR: Download of "https://uoftjn.com/wp-includes/wlwmanifest.xml", referred from "uoftjn.com/2019/03/23/天才達が賭ける5年後の常識/index.html", failed with error code 406 (unacceptable)
2022-11-24, 22:49:06 - ERROR: Download of "https://uoftjn.com/wp-includes/wlwmanifest.xml", referred from "uoftjn.com/2019/08/04/ut-to-ut/index.html", failed with error code 406 (unacceptable)
2022-11-24, 22:49:06 - ERROR: Download of "https://uoftjn.com/wp-includes/wlwmanifest.xml", referred from "uoftjn.com/2019/09/17/ブロックチェーンと呼ばれる理由/index.html", failed with error code 406 (unacceptable)
2022-11-24, 22:49:06 - ERROR: Download of "https://uoftjn.com/wp-includes/wlwmanifest.xml", referred from "uoftjn.com/category/careergrad/index.html", failed with error code 406 (unacceptable)
2022-11-24, 22:49:06 - ERROR: Download of "https://uoftjn.com/wp-includes/wlwmanifest.xml", referred from "uoftjn.com/author/admin/index.html", failed with error code 406 (unacceptable)
2022-11-24, 22:49:06 - ERROR: Download of "https://uoftjn.com/wp-includes/wlwmanifest.xml", referred from "uoftjn.com/category/community-academia/academia/index.html", failed with error code 406 (unacceptable)
2022-11-24, 22:49:07 - ERROR: Download of "https://uoftjn.com/wp-includes/wlwmanifest.xml", referred from "uoftjn.com/2019/03/21/絶対音感を通して聴く世界/index.html", failed with error code 406 (unacceptable)
2022-11-24, 22:49:07 - ERROR: Download of "https://uoftjn.com/wp-includes/wlwmanifest.xml", referred from "uoftjn.com/2019/02/10/カナダと平和維持活動/index.html", failed with error code 406 (unacceptable)
2022-11-24, 22:49:09 - ERROR: Download of "https://uoftjn.com/wp-includes/wlwmanifest.xml", referred from "uoftjn.com/2020/02/index.html", failed with error code 406 (unacceptable)
2022-11-24, 22:49:09 - ERROR: Download of "https://uoftjn.com/wp-includes/wlwmanifest.xml", referred from "uoftjn.com/2019/08/index.html", failed with error code 406 (unacceptable)
2022-11-24, 22:49:09 - ERROR: Download of "https://uoftjn.com/wp-includes/wlwmanifest.xml", referred from "uoftjn.com/2019/06/index.html", failed with error code 406 (unacceptable)
2022-11-24, 22:49:09 - ERROR: Download of "https://uoftjn.com/wp-includes/wlwmanifest.xml", referred from "uoftjn.com/2018/12/index.html", failed with error code 406 (unacceptable)
2022-11-24, 22:49:10 - ERROR: Download of "https://uoftjn.com/wp-includes/wlwmanifest.xml", referred from "uoftjn.com/2022/03/index.html", failed with error code 406 (unacceptable)
2022-11-24, 22:49:10 - ERROR: Download of "https://uoftjn.com/wp-includes/wlwmanifest.xml", referred from "uoftjn.com/2019/09/index.html", failed with error code 406 (unacceptable)
2022-11-24, 22:49:10 - ERROR: Download of "https://uoftjn.com/wp-includes/wlwmanifest.xml", referred from "uoftjn.com/2020/03/index.html", failed with error code 406 (unacceptable)
2022-11-24, 22:49:10 - ERROR: Download of "https://uoftjn.com/wp-includes/wlwmanifest.xml", referred from "uoftjn.com/2019/02/06/人の体は宇宙である/index.html", failed with error code 406 (unacceptable)
2022-11-24, 22:49:10 - ERROR: Download of "https://uoftjn.com/wp-includes/wlwmanifest.xml", referred from "uoftjn.com/academia/page/3/index.html", failed with error code 406 (unacceptable)
2022-11-24, 22:49:10 - ERROR: Download of "https://uoftjn.com/wp-includes/wlwmanifest.xml", referred from "uoftjn.com/2019/03/index.html", failed with error code 406 (unacceptable)
2022-11-24, 22:49:11 - ERROR: Download of "https://uoftjn.com/wp-includes/wlwmanifest.xml", referred from "uoftjn.com/academia/page/2/index.html", failed with error code 406 (unacceptable)
2022-11-24, 22:49:11 - ERROR: Download of "https://uoftjn.com/wp-includes/wlwmanifest.xml", referred from "uoftjn.com/2019/02/index.html", failed with error code 406 (unacceptable)
2022-11-24, 22:49:11 - ERROR: Download of "https://uoftjn.com/wp-includes/wlwmanifest.xml", referred from "uoftjn.com/2018/10/index.html", failed with error code 406 (unacceptable)
2022-11-24, 22:49:11 - ERROR: Download of "https://uoftjn.com/wp-includes/wlwmanifest.xml", referred from "uoftjn.com/2018/11/index.html", failed with error code 406 (unacceptable)
2022-11-24, 22:49:11 - ERROR: Download of "https://uoftjn.com/wp-includes/wlwmanifest.xml", referred from "uoftjn.com/2018/09/index.html", failed with error code 406 (unacceptable)
2022-11-24, 22:49:11 - ERROR: Download of "https://uoftjn.com/wp-includes/wlwmanifest.xml", referred from "uoftjn.com/2018/02/index.html", failed with error code 406 (unacceptable)
2022-11-24, 22:49:11 - ERROR: Download of "https://uoftjn.com/wp-includes/wlwmanifest.xml", referred from "uoftjn.com/2018/03/index.html", failed with error code 406 (unacceptable)
2022-11-24, 22:49:11 - ERROR: Download of "https://uoftjn.com/wp-includes/wlwmanifest.xml", referred from "uoftjn.com/2018/04/index.html", failed with error code 406 (unacceptable)
2022-11-24, 22:49:11 - ERROR: Download of "https://uoftjn.com/wp-includes/wlwmanifest.xml", referred from "uoftjn.com/2018/01/index.html", failed with error code 406 (unacceptable)
2022-11-24, 22:49:14 - ERROR: Download of "https://uoftjn.com/wp-includes/wlwmanifest.xml", referred from "uoftjn.com/my-page/index﹖a=pwdreset.html", failed with error code 406 (unacceptable)
2022-11-24, 22:49:16 - ERROR: Download of "https://i0.wp.com/uoftjn.com/wp-content/uploads/2022/03/seattle.png?w=5472&ssl=1", referred from "uoftjn.com/2019/09/17/ブロックチェーンと呼ばれる理由/index.html", failed with error code 504 (gateway timed out)
2022-11-24, 22:49:16 - ERROR: Download of "https://i0.wp.com/uoftjn.com/wp-content/uploads/2022/03/seattle.png?w=5472&ssl=1", referred from "uoftjn.com/2019/02/06/人の体は宇宙である/index.html", failed with error code 504 (gateway timed out)
2022-11-24, 22:49:16 - ERROR: Download of "https://i0.wp.com/uoftjn.com/wp-content/uploads/2022/03/seattle.png?w=5472&ssl=1", referred from "uoftjn.com/academia/index.html", failed with error code 504 (gateway timed out)
2022-11-24, 22:49:16 - ERROR: Download of "https://i0.wp.com/uoftjn.com/wp-content/uploads/2022/03/seattle.png?w=5472&ssl=1", referred from "uoftjn.com/index.html", failed with error code 504 (gateway timed out)
2022-11-24, 22:49:16 - ERROR: Download of "https://i0.wp.com/uoftjn.com/wp-content/uploads/2022/03/seattle.png?w=5472&ssl=1", referred from "uoftjn.com/2019/08/04/ut-to-ut/index.html", failed with error code 504 (gateway timed out)
2022-11-24, 22:49:16 - ERROR: Download of "https://i0.wp.com/uoftjn.com/wp-content/uploads/2022/03/seattle.png?w=5472&ssl=1", referred from "uoftjn.com/2020/02/15/双子の話/index.html", failed with error code 504 (gateway timed out)
2022-11-24, 22:49:16 - ERROR: Download of "https://i0.wp.com/uoftjn.com/wp-content/uploads/2022/03/seattle.png?w=5472&ssl=1", referred from "uoftjn.com/author/admin/index.html", failed with error code 504 (gateway timed out)
2022-11-24, 22:49:16 - ERROR: Download of "https://i0.wp.com/uoftjn.com/wp-content/uploads/2022/03/seattle.png?w=5472&ssl=1", referred from "uoftjn.com/2019/02/10/カナダと平和維持活動/index.html", failed with error code 504 (gateway timed out)
2022-11-24, 22:49:16 - ERROR: Download of "https://i0.wp.com/uoftjn.com/wp-content/uploads/2022/03/seattle.png?w=5472&ssl=1", referred from "uoftjn.com/2020/03/30/photo-editing/index.html", failed with error code 504 (gateway timed out)
2022-11-24, 22:49:16 - ERROR: Download of "https://i0.wp.com/uoftjn.com/wp-content/uploads/2022/03/seattle.png?w=5472&ssl=1", referred from "uoftjn.com/2022/03/index.html", failed with error code 504 (gateway timed out)
2022-11-24, 22:49:16 - ERROR: Download of "https://i0.wp.com/uoftjn.com/wp-content/uploads/2022/03/seattle.png?w=5472&ssl=1", referred from "uoftjn.com/category/community-academia/opinions/index.html", failed with error code 504 (gateway timed out)
2022-11-24, 22:49:16 - ERROR: Download of "https://i0.wp.com/uoftjn.com/wp-content/uploads/2022/03/seattle.png?w=5472&ssl=1", referred from "uoftjn.com/category/community-academia/index.html", failed with error code 504 (gateway timed out)
2022-11-24, 22:49:19 - ERROR: Download of "https://uoftjn.com/xmlrpc.php", referred from "uoftjn.com/2019/09/17/ブロックチェーンと呼ばれる理由/index.html", failed with error code 405 (method not allowed)
2022-11-24, 22:49:19 - ERROR: Download of "https://uoftjn.com/xmlrpc.php", referred from "uoftjn.com/2019/03/21/絶対音感を通して聴く世界/index.html", failed with error code 405 (method not allowed)
2022-11-24, 22:49:19 - ERROR: Download of "https://uoftjn.com/xmlrpc.php", referred from "uoftjn.com/2019/08/04/ut-to-ut/index.html", failed with error code 405 (method not allowed)
2022-11-24, 22:49:19 - ERROR: Download of "https://uoftjn.com/xmlrpc.php", referred from "uoftjn.com/2019/02/06/人の体は宇宙である/index.html", failed with error code 405 (method not allowed)
2022-11-24, 22:49:19 - ERROR: Download of "https://uoftjn.com/xmlrpc.php", referred from "uoftjn.com/2022/03/07/僕の人生-～高校退学編～/index.html", failed with error code 405 (method not allowed)
2022-11-24, 22:49:19 - ERROR: Download of "https://uoftjn.com/xmlrpc.php", referred from "uoftjn.com/2020/02/15/双子の話/index.html", failed with error code 405 (method not allowed)
2022-11-24, 22:49:19 - ERROR: Download of "https://uoftjn.com/xmlrpc.php", referred from "uoftjn.com/2019/06/04/トロント大生～bcf体験記～/index.html", failed with error code 405 (method not allowed)
2022-11-24, 22:49:19 - ERROR: Download of "https://uoftjn.com/xmlrpc.php", referred from "uoftjn.com/2019/03/23/天才達が賭ける5年後の常識/index.html", failed with error code 405 (method not allowed)
2022-11-24, 22:49:19 - ERROR: Download of "https://uoftjn.com/xmlrpc.php", referred from "uoftjn.com/2020/03/30/photo-editing/index.html", failed with error code 405 (method not allowed)
2022-11-24, 22:49:19 - ERROR: Download of "https://uoftjn.com/xmlrpc.php", referred from "uoftjn.com/2019/02/10/カナダと平和維持活動/index.html", failed with error code 405 (method not allowed)
2022-11-24, 22:49:23 - ERROR: Download of "https://uoftjn.com/wp-includes/wlwmanifest.xml", referred from "uoftjn.com/2020/03/30/photo-editing/2-3/index.html", failed with error code 406 (unacceptable)
2022-11-24, 22:49:24 - ERROR: Download of "https://uoftjn.com/xmlrpc.php", referred from "uoftjn.com/2018/12/19/１・２年生でも研究室に入れる必勝法/index.html", failed with error code 405 (method not allowed)
2022-11-24, 22:49:24 - ERROR: Download of "https://uoftjn.com/wp-includes/wlwmanifest.xml", referred from "uoftjn.com/2020/03/30/photo-editing/attachment/6/index.html", failed with error code 406 (unacceptable)
2022-11-24, 22:49:24 - ERROR: Download of "https://uoftjn.com/wp-includes/wlwmanifest.xml", referred from "uoftjn.com/2020/03/30/photo-editing/attachment/7/index.html", failed with error code 406 (unacceptable)
2022-11-24, 22:49:24 - ERROR: Download of "https://uoftjn.com/wp-includes/wlwmanifest.xml", referred from "uoftjn.com/2020/03/30/photo-editing/3-2/index.html", failed with error code 406 (unacceptable)
2022-11-24, 22:49:24 - ERROR: Download of "https://uoftjn.com/wp-includes/wlwmanifest.xml", referred from "uoftjn.com/2020/03/30/photo-editing/attachment/4/index.html", failed with error code 406 (unacceptable)
2022-11-24, 22:49:24 - ERROR: Download of "https://uoftjn.com/wp-includes/wlwmanifest.xml", referred from "uoftjn.com/2020/03/30/photo-editing/attachment/5/index.html", failed with error code 406 (unacceptable)
2022-11-24, 22:49:24 - ERROR: Download of "https://uoftjn.com/wp-includes/wlwmanifest.xml", referred from "uoftjn.com/2018/12/19/１・２年生でも研究室に入れる必勝法/index.html", failed with error code 406 (unacceptable)
2022-11-24, 22:49:24 - ERROR: Download of "https://uoftjn.com/wp-includes/wlwmanifest.xml", referred from "uoftjn.com/2020/03/30/photo-editing/attachment/8/index.html", failed with error code 406 (unacceptable)
2022-11-24, 22:49:24 - ERROR: Download of "https://uoftjn.com/wp-includes/wlwmanifest.xml", referred from "uoftjn.com/2020/03/30/photo-editing/attachment/10/index.html", failed with error code 406 (unacceptable)
2022-11-24, 22:49:24 - ERROR: Download of "https://uoftjn.com/wp-includes/wlwmanifest.xml", referred from "uoftjn.com/2020/03/30/photo-editing/attachment/9/index.html", failed with error code 406 (unacceptable)
2022-11-24, 22:49:24 - ERROR: Download of "https://i0.wp.com/uoftjn.com/wp-content/uploads/2022/03/seattle.png?w=5472&ssl=1", referred from "uoftjn.com/2018/12/19/１・２年生でも研究室に入れる必勝法/index.html", failed with error code 504 (gateway timed out)
2022-11-24, 22:49:25 - ERROR: Download of "https://uoftjn.com/wp-includes/wlwmanifest.xml", referred from "uoftjn.com/2020/03/30/photo-editing/attachment/11/index.html", failed with error code 406 (unacceptable)
2022-11-24, 22:49:25 - ERROR: Download of "https://uoftjn.com/wp-includes/wlwmanifest.xml", referred from "uoftjn.com/2020/03/30/photo-editing/attachment/13/index.html", failed with error code 406 (unacceptable)
2022-11-24, 22:49:25 - ERROR: Download of "https://uoftjn.com/wp-includes/wlwmanifest.xml", referred from "uoftjn.com/2020/03/30/photo-editing/attachment/12/index.html", failed with error code 406 (unacceptable)
2022-11-24, 22:49:25 - ERROR: Download of "https://uoftjn.com/wp-includes/wlwmanifest.xml", referred from "uoftjn.com/2020/03/30/photo-editing/attachment/14/index.html", failed with error code 406 (unacceptable)
2022-11-24, 22:49:26 - ERROR: Download of "https://uoftjn.com/xmlrpc.php", referred from "uoftjn.com/2018/10/27/海外大卒は役に立たない/index.html", failed with error code 405 (method not allowed)
2022-11-24, 22:49:26 - ERROR: Download of "https://uoftjn.com/wp-includes/wlwmanifest.xml", referred from "uoftjn.com/2018/10/27/海外大卒は役に立たない/index.html", failed with error code 406 (unacceptable)
2022-11-24, 22:49:26 - ERROR: Download of "https://i0.wp.com/uoftjn.com/wp-content/uploads/2022/03/seattle.png?w=5472&ssl=1", referred from "uoftjn.com/2018/10/27/海外大卒は役に立たない/index.html", failed with error code 504 (gateway timed out)
2022-11-24, 22:49:26 - ERROR: Download of "https://uoftjn.com/wp-includes/wlwmanifest.xml", referred from "uoftjn.com/2020/03/30/photo-editing/attachment/15/index.html", failed with error code 406 (unacceptable)
2022-11-24, 22:49:26 - ERROR: Download of "https://uoftjn.com/wp-includes/wlwmanifest.xml", referred from "uoftjn.com/2020/03/30/photo-editing/attachment/17/index.html", failed with error code 406 (unacceptable)
2022-11-24, 22:49:27 - ERROR: Download of "https://uoftjn.com/xmlrpc.php", referred from "uoftjn.com/2018/09/30/私はバイリンガルではない/index.html", failed with error code 405 (method not allowed)
2022-11-24, 22:49:27 - ERROR: Download of "https://uoftjn.com/wp-includes/wlwmanifest.xml", referred from "uoftjn.com/2020/03/30/photo-editing/attachment/16/index.html", failed with error code 406 (unacceptable)
2022-11-24, 22:49:27 - ERROR: Download of "https://uoftjn.com/wp-includes/wlwmanifest.xml", referred from "uoftjn.com/2018/09/30/私はバイリンガルではない/index.html", failed with error code 406 (unacceptable)
2022-11-24, 22:49:27 - ERROR: Download of "https://i0.wp.com/uoftjn.com/wp-content/uploads/2022/03/seattle.png?w=5472&ssl=1", referred from "uoftjn.com/2018/09/30/私はバイリンガルではない/index.html", failed with error code 504 (gateway timed out)
2022-11-24, 22:49:27 - ERROR: Download of "https://uoftjn.com/xmlrpc.php", referred from "uoftjn.com/2018/01/07/munchiesfood＠toronto/index.html", failed with error code 405 (method not allowed)
2022-11-24, 22:49:27 - ERROR: Download of "https://uoftjn.com/wp-includes/wlwmanifest.xml", referred from "uoftjn.com/2018/01/07/munchiesfood＠toronto/index.html", failed with error code 406 (unacceptable)
2022-11-24, 22:49:27 - ERROR: Download of "https://i0.wp.com/uoftjn.com/wp-content/uploads/2022/03/seattle.png?w=5472&ssl=1", referred from "uoftjn.com/2018/01/07/munchiesfood＠toronto/index.html", failed with error code 504 (gateway timed out)
2022-11-24, 22:49:27 - ERROR: Download of "https://uoftjn.com/xmlrpc.php", referred from "uoftjn.com/2018/04/16/steamworks-11-10-2017/index.html", failed with error code 405 (method not allowed)
2022-11-24, 22:49:27 - ERROR: Download of "https://uoftjn.com/wp-includes/wlwmanifest.xml", referred from "uoftjn.com/2018/04/16/steamworks-11-10-2017/index.html", failed with error code 406 (unacceptable)
2022-11-24, 22:49:27 - ERROR: Download of "https://uoftjn.com/wp-includes/wlwmanifest.xml", referred from "uoftjn.com/category/life-style/index.html", failed with error code 406 (unacceptable)
2022-11-24, 22:49:27 - ERROR: Download of "https://i0.wp.com/uoftjn.com/wp-content/uploads/2022/03/seattle.png?w=5472&ssl=1", referred from "uoftjn.com/2018/04/16/steamworks-11-10-2017/index.html", failed with error code 504 (gateway timed out)
2022-11-24, 22:49:28 - ERROR: Download of "https://uoftjn.com/xmlrpc.php", referred from "uoftjn.com/2018/02/12/meaningoftraditionalculture/index.html", failed with error code 405 (method not allowed)
2022-11-24, 22:49:28 - ERROR: Download of "https://uoftjn.com/wp-includes/wlwmanifest.xml", referred from "uoftjn.com/2018/02/12/meaningoftraditionalculture/index.html", failed with error code 406 (unacceptable)
2022-11-24, 22:49:28 - ERROR: Download of "https://i0.wp.com/uoftjn.com/wp-content/uploads/2022/03/seattle.png?w=5472&ssl=1", referred from "uoftjn.com/2018/02/12/meaningoftraditionalculture/index.html", failed with error code 504 (gateway timed out)
2022-11-24, 22:49:28 - ERROR: Download of "https://uoftjn.com/xmlrpc.php", referred from "uoftjn.com/2018/11/27/space/index.html", failed with error code 405 (method not allowed)
2022-11-24, 22:49:28 - ERROR: Download of "https://uoftjn.com/wp-includes/wlwmanifest.xml", referred from "uoftjn.com/2018/11/27/space/index.html", failed with error code 406 (unacceptable)
2022-11-24, 22:49:28 - ERROR: Download of "https://uoftjn.com/xmlrpc.php", referred from "uoftjn.com/2018/03/22/my-experience-at-harvard-project-for-asian-and-international-relationshpair/index.html", failed with error code 405 (method not allowed)
2022-11-24, 22:49:28 - ERROR: Download of "https://uoftjn.com/wp-includes/wlwmanifest.xml", referred from "uoftjn.com/2018/03/22/my-experience-at-harvard-project-for-asian-and-international-relationshpair/index.html", failed with error code 406 (unacceptable)
2022-11-24, 22:49:28 - ERROR: Download of "https://i0.wp.com/uoftjn.com/wp-content/uploads/2022/03/seattle.png?w=5472&ssl=1", referred from "uoftjn.com/2018/11/27/space/index.html", failed with error code 504 (gateway timed out)
2022-11-24, 22:49:28 - ERROR: Download of "https://i0.wp.com/uoftjn.com/wp-content/uploads/2022/03/seattle.png?w=5472&ssl=1", referred from "uoftjn.com/2018/03/22/my-experience-at-harvard-project-for-asian-and-international-relationshpair/index.html", failed with error code 504 (gateway timed out)
2022-11-24, 22:49:29 - ERROR: Download of "https://uoftjn.com/xmlrpc.php", referred from "uoftjn.com/2018/01/16/aliceinwonderland/index.html", failed with error code 405 (method not allowed)
2022-11-24, 22:49:29 - ERROR: Download of "https://uoftjn.com/xmlrpc.php", referred from "uoftjn.com/2018/02/26/processtomedschool/index.html", failed with error code 405 (method not allowed)
2022-11-24, 22:49:29 - ERROR: Download of "https://uoftjn.com/wp-includes/wlwmanifest.xml", referred from "uoftjn.com/2018/02/26/processtomedschool/index.html", failed with error code 406 (unacceptable)
2022-11-24, 22:49:29 - ERROR: Download of "https://uoftjn.com/wp-includes/wlwmanifest.xml", referred from "uoftjn.com/2018/01/16/aliceinwonderland/index.html", failed with error code 406 (unacceptable)
2022-11-24, 22:49:29 - ERROR: Download of "https://i0.wp.com/uoftjn.com/wp-content/uploads/2022/03/seattle.png?w=5472&ssl=1", referred from "uoftjn.com/2018/02/26/processtomedschool/index.html", failed with error code 504 (gateway timed out)
2022-11-24, 22:49:29 - ERROR: Download of "https://i0.wp.com/uoftjn.com/wp-content/uploads/2022/03/seattle.png?w=5472&ssl=1", referred from "uoftjn.com/2018/01/16/aliceinwonderland/index.html", failed with error code 504 (gateway timed out)
2022-11-24, 22:49:29 - ERROR: Download of "https://uoftjn.com/wp-includes/wlwmanifest.xml", referred from "uoftjn.com/category/community-academia/page/2/index.html", failed with error code 406 (unacceptable)
2022-11-24, 22:49:29 - ERROR: Download of "https://uoftjn.com/wp-includes/wlwmanifest.xml", referred from "uoftjn.com/category/community-academia/page/3/index.html", failed with error code 406 (unacceptable)
2022-11-24, 22:49:34 - ERROR: Download of "https://uoftjn.com/xmlrpc.php", referred from "uoftjn.com/2018/10/19/the-ambiguous-line-of-cultural-appropriation-and-appreciation/index.html", failed with error code 405 (method not allowed)
2022-11-24, 22:49:34 - ERROR: Download of "https://uoftjn.com/wp-includes/wlwmanifest.xml", referred from "uoftjn.com/2018/10/19/the-ambiguous-line-of-cultural-appropriation-and-appreciation/index.html", failed with error code 406 (unacceptable)
2022-11-24, 22:49:34 - ERROR: Download of "https://uoftjn.com/wp-includes/wlwmanifest.xml", referred from "uoftjn.com/author/admin/page/3/index.html", failed with error code 406 (unacceptable)
2022-11-24, 22:49:34 - ERROR: Download of "https://uoftjn.com/wp-includes/wlwmanifest.xml", referred from "uoftjn.com/author/admin/page/2/index.html", failed with error code 406 (unacceptable)
2022-11-24, 22:49:35 - ERROR: Download of "https://uoftjn.com/xmlrpc.php", referred from "uoftjn.com/2018/01/05/grad-school-101/index.html", failed with error code 405 (method not allowed)
2022-11-24, 22:49:35 - ERROR: Download of "https://uoftjn.com/wp-includes/wlwmanifest.xml", referred from "uoftjn.com/2018/01/05/grad-school-101/index.html", failed with error code 406 (unacceptable)
2022-11-24, 22:49:35 - ERROR: Download of "https://uoftjn.com/xmlrpc.php", referred from "uoftjn.com/2018/02/10/hyphenated-negotiating-identities-as-an-asian-canadian/index.html", failed with error code 405 (method not allowed)
2022-11-24, 22:49:35 - ERROR: Download of "https://uoftjn.com/wp-includes/wlwmanifest.xml", referred from "uoftjn.com/2018/02/10/hyphenated-negotiating-identities-as-an-asian-canadian/index.html", failed with error code 406 (unacceptable)
2022-11-24, 22:49:36 - ERROR: Download of "https://i0.wp.com/uoftjn.com/wp-content/uploads/2022/03/seattle.png?w=5472&ssl=1", referred from "uoftjn.com/2018/02/10/hyphenated-negotiating-identities-as-an-asian-canadian/index.html", failed with error code 504 (gateway timed out)
2022-11-24, 22:49:36 - ERROR: Download of "https://uoftjn.com/wp-includes/wlwmanifest.xml", referred from "uoftjn.com/category/community-academia/academia/page/2/index.html", failed with error code 406 (unacceptable)
2022-11-24, 22:49:36 - ERROR: Download of "https://uoftjn.com/xmlrpc.php", referred from "uoftjn.com/2018/02/01/climate-change/index.html", failed with error code 405 (method not allowed)
2022-11-24, 22:49:36 - ERROR: Download of "https://uoftjn.com/wp-includes/wlwmanifest.xml", referred from "uoftjn.com/2018/02/01/climate-change/index.html", failed with error code 406 (unacceptable)
2022-11-24, 22:49:36 - ERROR: Download of "https://i0.wp.com/uoftjn.com/wp-content/uploads/2022/03/seattle.png?w=5472&ssl=1", referred from "uoftjn.com/2018/02/01/climate-change/index.html", failed with error code 504 (gateway timed out)
2022-11-24, 22:49:36 - ERROR: Download of "https://uoftjn.com/xmlrpc.php", referred from "uoftjn.com/2018/03/08/psychology-will-help-you-stop-procrastinating/index.html", failed with error code 405 (method not allowed)
2022-11-24, 22:49:36 - ERROR: Download of "https://uoftjn.com/wp-includes/wlwmanifest.xml", referred from "uoftjn.com/2018/03/08/psychology-will-help-you-stop-procrastinating/index.html", failed with error code 406 (unacceptable)
2022-11-24, 22:49:36 - ERROR: Download of "https://i0.wp.com/uoftjn.com/wp-content/uploads/2022/03/seattle.png?w=5472&ssl=1", referred from "uoftjn.com/2018/03/08/psychology-will-help-you-stop-procrastinating/index.html", failed with error code 504 (gateway timed out)
2022-11-24, 22:49:38 - ERROR: Download of "https://uoftjn.com/xmlrpc.php", referred from "uoftjn.com/2018/01/07/city-management/index.html", failed with error code 405 (method not allowed)
2022-11-24, 22:49:38 - ERROR: Download of "https://uoftjn.com/wp-includes/wlwmanifest.xml", referred from "uoftjn.com/2018/01/07/city-management/index.html", failed with error code 406 (unacceptable)
2022-11-24, 22:49:38 - ERROR: Download of "https://i0.wp.com/uoftjn.com/wp-content/uploads/2022/03/seattle.png?w=5472&ssl=1", referred from "uoftjn.com/2018/01/07/city-management/index.html", failed with error code 504 (gateway timed out)
2022-11-24, 22:49:39 - ERROR: Download of "https://uoftjn.com/xmlrpc.php", referred from "uoftjn.com/2018/10/27/記事募集中！any-writers-are-welcomed/index.html", failed with error code 405 (method not allowed)
2022-11-24, 22:49:39 - ERROR: Download of "https://uoftjn.com/wp-includes/wlwmanifest.xml", referred from "uoftjn.com/2018/10/27/記事募集中！any-writers-are-welcomed/index.html", failed with error code 406 (unacceptable)
2022-11-24, 22:49:39 - ERROR: Download of "https://uoftjn.com/wp-includes/wlwmanifest.xml", referred from "uoftjn.com/category/uncategorized/index.html", failed with error code 406 (unacceptable)
2022-11-24, 22:49:39 - ERROR: Download of "https://uoftjn.com/xmlrpc.php", referred from "uoftjn.com/2018/01/19/primenumber/index.html", failed with error code 405 (method not allowed)
2022-11-24, 22:49:39 - ERROR: Download of "https://uoftjn.com/wp-includes/wlwmanifest.xml", referred from "uoftjn.com/my-page/index.html", failed with error code 406 (unacceptable)
2022-11-24, 22:49:39 - ERROR: Download of "https://uoftjn.com/wp-includes/wlwmanifest.xml", referred from "uoftjn.com/2018/01/19/primenumber/index.html", failed with error code 406 (unacceptable)
2022-11-24, 22:49:39 - ERROR: Download of "https://i0.wp.com/uoftjn.com/wp-content/uploads/2022/03/seattle.png?w=5472&ssl=1", referred from "uoftjn.com/2018/01/19/primenumber/index.html", failed with error code 504 (gateway timed out)
2022-11-24, 22:49:40 - ERROR: Download of "https://uoftjn.com/wp-includes/wlwmanifest.xml", referred from "uoftjn.com/my-page/mentorship/index.html", failed with error code 406 (unacceptable)
2022-11-24, 22:49:40 - ERROR: Download of "https://uoftjn.com/wp-includes/wlwmanifest.xml", referred from "uoftjn.com/my-page/social-event/index.html", failed with error code 406 (unacceptable)
2022-11-24, 22:49:40 - ERROR: Download of "https://uoftjn.com/wp-includes/wlwmanifest.xml", referred from "uoftjn.com/my-page/coupon/index.html", failed with error code 406 (unacceptable)
2022-11-24, 22:50:00 - ERROR: Download of "https://i0.wp.com/uoftjn.com/wp-content/uploads/2018/03/Screen-Shot-2018-03-18-at-7.14.30-PM-232x300.png?resize=457,591&ssl=1", referred from "uoftjn.com/2018/03/22/my-experience-at-harvard-project-for-asian-and-international-relationshpair/index.html", failed with error code 404 (not found)
2022-11-24, 22:50:01 - ERROR: Download of "https://i0.wp.com/uoftjn.com/wp-content/uploads/2018/03/logo-color-1.png?resize=345,138&ssl=1", referred from "uoftjn.com/2018/03/22/my-experience-at-harvard-project-for-asian-and-international-relationshpair/index.html", failed with error code 404 (not found)
2022-11-24, 22:50:01 - ERROR: Download of "https://i0.wp.com/uoftjn.com/wp-content/uploads/2018/03/29340559_781575142029616_6669417034763206656_n-300x225.jpg?resize=475,358&ssl=1", referred from "uoftjn.com/2018/03/22/my-experience-at-harvard-project-for-asian-and-international-relationshpair/index.html", failed with error code 404 (not found)
2022-11-24, 22:50:01 - ERROR: Download of "https://apply.hpair.org/login", referred from "uoftjn.com/2018/03/22/my-experience-at-harvard-project-for-asian-and-international-relationshpair/index.html", failed with error code -1003 (A server with the specified hostname could not be found.)
2022-11-24, 22:50:01 - ERROR: Download of "https://i0.wp.com/uoftjn.com/wp-content/uploads/2018/03/29356570_781575595362904_1858479365986189312_n-300x225.jpg?resize=482,360&ssl=1", referred from "uoftjn.com/2018/03/22/my-experience-at-harvard-project-for-asian-and-international-relationshpair/index.html", failed with error code 404 (not found)
2022-11-24, 22:50:01 - ERROR: Download of "https://i0.wp.com/uoftjn.com/wp-content/uploads/2018/03/29356474_781575582029572_3234838375139639296_o-300x200.jpg?resize=474,316&ssl=1", referred from "uoftjn.com/2018/03/22/my-experience-at-harvard-project-for-asian-and-international-relationshpair/index.html", failed with error code 404 (not found)
2022-11-24, 22:50:03 - ERROR: Download of "https://uoftjn.com/wp-content/uploads/2018/01/20180111-155028-0001.mp3?_=1", referred from "uoftjn.com/2018/01/16/aliceinwonderland/index.html", failed with error code 404 (not found)
2022-11-24, 22:50:03 - ERROR: Download of "https://uoftjn.com/wp-content/uploads/2018/01/20180111-155028-0001.mp3", referred from "uoftjn.com/2018/01/16/aliceinwonderland/index.html", failed with error code 404 (not found)
2022-11-24, 22:50:09 - ERROR: Download of "https://i0.wp.com/uoftjn.com/wp-content/uploads/2018/03/giphy-300x168.gif?resize=300,168&ssl=1", referred from "uoftjn.com/2018/03/08/psychology-will-help-you-stop-procrastinating/index.html", failed with error code 404 (not found)
2022-11-24, 22:50:10 - ERROR: Download of "https://i0.wp.com/uoftjn.com/wp-content/uploads/2018/03/4ac9db7439-300x156.png?resize=300,156&ssl=1", referred from "uoftjn.com/2018/03/08/psychology-will-help-you-stop-procrastinating/index.html", failed with error code 404 (not found)
2022-11-24, 22:50:12 - ERROR: Download of "https://uoftjn.com/2018/03/13/summerinternshipmatome/", referred from "uoftjn.com/2018/10/27/記事募集中！any-writers-are-welcomed/index.html", failed with error code 404 (not found)
2022-11-24, 22:50:13 - ERROR: Download of "https://i0.wp.com/uoftjn.com/wp-content/uploads/2018/01/Screen-Shot-2018-01-18-at-10.44.19-PM.png?resize=508,111&ssl=1", referred from "uoftjn.com/2018/01/19/primenumber/index.html", failed with error code 404 (not found)
2022-11-24, 22:50:13 - ERROR: Download of "https://i0.wp.com/uoftjn.com/wp-content/uploads/2018/01/Screen-Shot-2018-01-18-at-10.44.13-PM.png?resize=346,114&ssl=1", referred from "uoftjn.com/2018/01/19/primenumber/index.html", failed with error code 404 (not found)
2022-11-24, 22:50:14 - ERROR: Download of "https://i0.wp.com/uoftjn.com/wp-content/uploads/2018/01/Screen-Shot-2018-01-18-at-10.44.06-PM-622x1024.png?resize=456,751&ssl=1", referred from "uoftjn.com/2018/01/19/primenumber/index.html", failed with error code 404 (not found)
2022-11-24, 22:50:15 - ERROR: Download of "https://uoftjn.com/wp-includes/wlwmanifest.xml", referred from "uoftjn.com/tag/haruka/index.html", failed with error code 406 (unacceptable)

---------------------
